<?xml version="1.0" encoding="UTF-8"?>
<!-- Generated by org.testng.reporters.JUnitXMLReporter -->
<testsuite hostname="DESKTOP-8F70P3O" ignored="0" name="Test" tests="3" failures="0" timestamp="2021-10-08T11:07:02 IST" time="4.29" errors="0">
  <testcase name="@BeforeTest startDockerScale" time="3.24" classname="remoteTesting.DockerValidation.ChromeTest1">
    <failure type="java.io.FileNotFoundException" message="output.txt (The system cannot find the file specified)">
      <![CDATA[java.io.FileNotFoundException: output.txt (The system cannot find the file specified)
at java.io.FileInputStream.open0(Native Method)
at java.io.FileInputStream.open(FileInputStream.java:195)
at java.io.FileInputStream.<init>(FileInputStream.java:138)
at java.io.FileInputStream.<init>(FileInputStream.java:93)
at java.io.FileReader.<init>(FileReader.java:58)
at remoteTesting.DockerValidation.StartDocker.startDockerFile(StartDocker.java:46)
at remoteTesting.DockerValidation.ChromeTest1.startDockerScale(ChromeTest1.java:28)
... Removed 28 stack frames]]>
    </failure>
  </testcase> <!-- @BeforeTest startDockerScale -->
  <testcase name="@AfterTest stopDockerDeleteFile" time="-1.633671420883E9" classname="remoteTesting.DockerValidation.ChromeTest1">
    <skipped/>
  </testcase> <!-- @AfterTest stopDockerDeleteFile -->
  <testcase name="test3" time="0.0" classname="remoteTesting.DockerValidation.ChromeTest3">
    <skipped/>
  </testcase> <!-- test3 -->
  <testcase name="test1" time="0.0" classname="remoteTesting.DockerValidation.ChromeTest1">
    <skipped/>
  </testcase> <!-- test1 -->
  <testcase name="test2" time="0.0" classname="remoteTesting.DockerValidation.ChromeTest2">
    <skipped/>
  </testcase> <!-- test2 -->
</testsuite> <!-- Test -->
